<?xml version="1.0" encoding="UTF-8"?>
<testng-results ignored="0" total="2" passed="2" failed="0" skipped="0">
  <reporter-output>
  </reporter-output>
  <suite started-at="2024-01-23T20:43:14 GMT-08:00" name="Default suite" finished-at="2024-01-23T20:43:14 GMT-08:00" duration-ms="85">
    <groups>
    </groups>
    <test started-at="2024-01-23T20:43:14 GMT-08:00" name="Default test" finished-at="2024-01-23T20:43:14 GMT-08:00" duration-ms="85">
      <class name="mock.Softassertstrictlevelcomparision">
        <test-method signature="comparision()[pri:0, instance:mock.Softassertstrictlevelcomparision@1bb266b3]" started-at="2024-01-23T20:43:14 GMT-08:00" name="comparision" finished-at="2024-01-23T20:43:14 GMT-08:00" duration-ms="14" status="PASS">
          <reporter-output>
          </reporter-output>
        </test-method> <!-- comparision -->
        <test-method signature="containscomparision()[pri:0, instance:mock.Softassertstrictlevelcomparision@1bb266b3]" started-at="2024-01-23T20:43:14 GMT-08:00" name="containscomparision" finished-at="2024-01-23T20:43:14 GMT-08:00" duration-ms="2" status="PASS">
          <reporter-output>
          </reporter-output>
        </test-method> <!-- containscomparision -->
      </class> <!-- mock.Softassertstrictlevelcomparision -->
    </test> <!-- Default test -->
  </suite> <!-- Default suite -->
</testng-results>
