<?xml version="1.0" encoding="UTF-8"?>
<testng-results ignored="0" total="2" passed="2" failed="0" skipped="0">
  <reporter-output>
  </reporter-output>
  <suite started-at="2024-01-31T07:52:07 GMT-08:00" name="Default suite" finished-at="2024-01-31T07:52:07 GMT-08:00" duration-ms="72">
    <groups>
    </groups>
    <test started-at="2024-01-31T07:52:07 GMT-08:00" name="Default test" finished-at="2024-01-31T07:52:07 GMT-08:00" duration-ms="72">
      <class name="group.test1">
        <test-method is-config="true" signature="test()[pri:0, instance:group.test1@6a6afff2]" started-at="2024-01-31T07:52:07 GMT-08:00" name="test" finished-at="2024-01-31T07:52:07 GMT-08:00" duration-ms="6" status="PASS">
          <reporter-output>
          </reporter-output>
        </test-method> <!-- test -->
        <test-method signature="task1()[pri:0, instance:group.test1@6a6afff2]" started-at="2024-01-31T07:52:07 GMT-08:00" name="task1" finished-at="2024-01-31T07:52:07 GMT-08:00" duration-ms="8" status="PASS">
          <reporter-output>
          </reporter-output>
        </test-method> <!-- task1 -->
        <test-method is-config="true" signature="test2()[pri:0, instance:group.test1@6a6afff2]" started-at="2024-01-31T07:52:07 GMT-08:00" name="test2" finished-at="2024-01-31T07:52:07 GMT-08:00" duration-ms="1" status="PASS">
          <reporter-output>
          </reporter-output>
        </test-method> <!-- test2 -->
        <test-method is-config="true" signature="test()[pri:0, instance:group.test1@6a6afff2]" started-at="2024-01-31T07:52:07 GMT-08:00" name="test" finished-at="2024-01-31T07:52:07 GMT-08:00" duration-ms="1" status="PASS">
          <reporter-output>
          </reporter-output>
        </test-method> <!-- test -->
        <test-method signature="task2()[pri:0, instance:group.test1@6a6afff2]" started-at="2024-01-31T07:52:07 GMT-08:00" name="task2" finished-at="2024-01-31T07:52:07 GMT-08:00" duration-ms="2" status="PASS">
          <reporter-output>
          </reporter-output>
        </test-method> <!-- task2 -->
        <test-method is-config="true" signature="test2()[pri:0, instance:group.test1@6a6afff2]" started-at="2024-01-31T07:52:07 GMT-08:00" name="test2" finished-at="2024-01-31T07:52:07 GMT-08:00" duration-ms="0" status="PASS">
          <reporter-output>
          </reporter-output>
        </test-method> <!-- test2 -->
        <test-method is-config="true" signature="test3()[pri:0, instance:group.test1@6a6afff2]" started-at="2024-01-31T07:52:07 GMT-08:00" name="test3" finished-at="2024-01-31T07:52:07 GMT-08:00" duration-ms="0" status="PASS">
          <reporter-output>
          </reporter-output>
        </test-method> <!-- test3 -->
        <test-method is-config="true" signature="test4()[pri:0, instance:group.test1@6a6afff2]" started-at="2024-01-31T07:52:07 GMT-08:00" name="test4" finished-at="2024-01-31T07:52:07 GMT-08:00" duration-ms="0" status="PASS">
          <reporter-output>
          </reporter-output>
        </test-method> <!-- test4 -->
      </class> <!-- group.test1 -->
    </test> <!-- Default test -->
  </suite> <!-- Default suite -->
</testng-results>
