<?xml version="1.0" encoding="UTF-8"?>
<!-- Generated by org.testng.reporters.JUnitXMLReporter -->
<testsuite ignored="0" hostname="DESKTOP-G68PVA2" failures="0" tests="4" name="Test" time="0.115" errors="0" timestamp="2024-01-31T00:08:01 GMT-08:00">
  <testcase classname="group.test1" name="task1" time="0.008"/>
  <testcase classname="group.test1" name="task2" time="0.004"/>
  <testcase classname="group.test2" name="test5" time="0.003"/>
  <testcase classname="group.test2" name="test6" time="0.004"/>
</testsuite> <!-- Test -->
